0000  0.00.00           IEF923I ELIGIBLE DEVICE TABLE IOGEN    04/13/24 20.56
0000                    145710 NIP  IEA101A SPECIFY SYSTEM PARAMETERS FOR RELEASE 03.8 .VS2
0000                    145718 NIP  R 0, '
0000                    145718 NIP  IEA940I THE FOLLOWING PAGE DATA SETS ARE IN USE
0000                    145718 NIP   PLPA ... SYS1.PAGE.PLPA
0000                    145718 NIP   COMMON . SYS1.PAGE.COMMON
0000                    145718 NIP   LOCAL .. SYS1.PAGE.LOCAL
0000                    145719 NIP  IEA166I VATLST00: NO VOLUME MATCH FOUND FOR VOLUME CBT* ON DEVICE TYPE 3350
0000                    145719 NIP  IEA166I VATLST00: NO VOLUME MATCH FOUND FOR VOLUME ROB* ON DEVICE TYPE 3390
0000                    145719 NIP  IEA166I VATLST00: NO VOLUME MATCH FOUND FOR VOLUME SRC* ON DEVICE TYPE 3350
0000 15.57.19           IEF196I     1     //MSTRJCL  JOB MSGLEVEL=(0,0)
0000 15.57.19           S CMD1
0000 15.57.19           S BSPPILOT
0000 15.57.19           S JES2,,,PARM='WARM,NOREQ'
4000 15.57.19           IGF992I  MIH INIT COMPLETE, PRI=000300, SEC=000015
4000 15.57.19           IEE360I SMF NOW RECORDING ON SYS1.MANY ON TK5RES TIME=15.57.19
FFFF 15.57.19           RAKF is based on the ESG Security System
FFFF 15.57.19           written by Craig J. Yasuna               (Mar 1991)
FFFF 15.57.19           adapted to MVS 3.8J: A. Philip Dickinson (Aug 2005)
FFFF 15.57.19                                Phil Roberts        (Apr 2011)
FFFF 15.57.19                                Juergen Winkelmann  (Apr 2011)
8000 15.57.19           RAKF001I RAKF is now being activated
FFFF 15.57.19           RCVT WAS PROCESSED SUCCESSFULLY
4000 15.57.19           RAKF003I RAKF is now active
FFFF 15.57.19           RAKFPROF7  RAKF PROFILES UPDATED
FFFF 15.57.19           RAKFUIDS4  USER TABLE UPDATED
0000 15.57.19           IEF196I     1     //CMD1     JOB MSGLEVEL=1
0000 15.57.19           IEF196I     2     //STARTING EXEC CMD1
0000 15.57.19           IEF196I     3     XXCMD1   PROC  A=ASE0,
0000 15.57.19           IEF196I           XX             B='$',
0000 15.57.19           IEF196I           XX             C=CSK0,
0000 15.57.19           IEF196I           XX             D=DSD0,
0000 15.57.19           IEF196I           XX             E=ESS0,
0000 15.57.19           IEF196I           XX             F=FSF0,
0000 15.57.19           IEF196I           XX             G='$',
0000 15.57.19           IEF196I           XX             H=HSM0,
0000 15.57.19           IEF196I           XX             I=ISJ0,
0000 15.57.19           IEF196I           XX             J=JSL0,
0000 15.57.19           IEF196I           XX             K='$',
0000 15.57.19           IEF196I           XX             L=LSC0,
0000 15.57.19           IEF196I           XX             M=MSO0,
0000 15.57.19           IEF196I           XX             N=NSA0,
0000 15.57.19           IEF196I           XX             O=OSR0,
0000 15.57.19           IEF196I           XX             P=PSP0,
0000 15.57.19           IEF196I           XX             Q=QSQ0,
0000 15.57.19           IEF196I           XX             R=RSG0,
0000 15.57.19           IEF196I           XX             S=SSH0,
0000 15.57.19           IEF196I           XX             T=TSN0,
0000 15.57.19           IEF196I           XX             U='$',
0000 15.57.19           IEF196I           XX             V=VSI0,
0000 15.57.19           IEF196I           XX             W='$',
0000 15.57.19           IEF196I           XX             X='$',
0000 15.57.19           IEF196I           XX             Y='$',
0000 15.57.19           IEF196I           XX             Z=ZSZ0
0000 15.57.19           IEF196I     4     XXCMD1  EXEC PGM=CMDSBINT,TIME=1440,DPRTY=(15,10),
0000 15.57.19           IEF196I           XX
0000 15.57.19           IEF196I PARM='&A&B&C&D&E&F&G&H&I&J&K&L&M&N&O&P&Q&R&S&T&U&V&W&X&Y&Z'
0000 15.57.19           IEF196I  STMT NO. MESSAGE
0000 15.57.19           IEF196I -
0000 15.57.19           IEF196I     4     IEF653I SUBSTITUTION JCL -
0000 15.57.19           IEF196I PARM='ASE0$CSK0DSD0ESS0FSF0$HSM0ISJ0JSL0$LSC0MSO0NSA0OSR0PSP0QSQ
0000 15.57.19           IEF196I 0RSG0SSH0TSN0$VSI0$$$ZSZ0'
0000 15.57.19           IEF196I           ***CSC#ASYS  DD  DUMMY
0000 15.57.19           IEF196I           ***CSC#BSYS  DD  DUMMY
0000 15.57.19           IEF196I           ***CSC#CSYS  DD  DUMMY
0000 15.57.19           IEF196I           ***CSCDATA   DD  DSN=SYS1.SYSTEM.CMDSBSYS.CSCDATA,
0000 15.57.19           IEF196I DISP=SHR
0000 15.57.19           IEF196I           ***
0000 15.57.19           IEF196I           ***      WHERE  -    FOR CSC#.... REPLACE .... WITH
0000 15.57.19           IEF196I SMF SYSID OF ONE
0000 15.57.19           IEF196I           ***                  OF THE SYSTEMS USING
0000 15.57.19           IEF196I CROSS-SYSTEM COMMANDS.
0000 15.57.19           IEF196I           ***                  AS MANY CSC#.... DD CARDS AS
0000 15.57.19           IEF196I NECESSARY MAY EXIST.
0000 15.57.19           IEF196I           ***
0000 15.57.19           IEF196I IEF236I ALLOC. FOR CMD1 CMD1
0000 15.57.19           IEF196I     1     //JES2     JOB MSGLEVEL=1
0000 15.57.19           IEF196I     2     //STARTING EXEC JES2,PARM='WARM,NOREQ'
0000 15.57.19           IEF196I     3     XXJES2    PROC M=JES2PARM,
0000 15.57.19           IEF196I           XX             M2=STARTSTD,
0000 15.57.19           IEF196I           XX             N=SYS1,
0000 15.57.19           IEF196I           XX             L=LINKLIB,
0000 15.57.19           IEF196I           XX             U=3350,
0000 15.57.19           IEF196I           XX             N1=SYS1,
0000 15.57.19           IEF196I           XX             P0=SYS1,
0000 15.57.19           IEF196I           XX             P1=SYS2,
0000 15.57.19           IEF196I           XX             P2=SYS1,
0000 15.57.19           IEF196I           XX             P=JES2PARM
0000 15.57.19           IEF196I     4     XXIEFPROC EXEC PGM=HASJES20,
0000 15.57.19           IEF196I           XX             TIME=1440,
0000 15.57.19           IEF196I           XX             DPRTY=(15,15)
0000 15.57.19           IEF196I     5     XXSTEPLIB  DD  UNIT=&U,DISP=SHR,DSN=&N..&L
0000 15.57.19           IEF196I  STMT NO. MESSAGE
0000 15.57.19           IEF196I -
0000 15.57.19           IEF196I     5     IEF653I SUBSTITUTION JCL - UNIT=3350,DISP=SHR,
0000 15.57.19           IEF196I DSN=SYS1.LINKLIB
0000 15.57.19           IEF196I     6     XXPROC00   DD  DSN=&P0..PROCLIB,DISP=SHR
0000 15.57.19           IEF196I     6     IEF653I SUBSTITUTION JCL - DSN=SYS1.PROCLIB,DISP=SHR
0000 15.57.19           IEF196I     7     XX         DD  DSN=&P1..PROCLIB,DISP=SHR
0000 15.57.19           IEF196I     7     IEF653I SUBSTITUTION JCL - DSN=SYS2.PROCLIB,DISP=SHR
0000 15.57.19           IEF196I     8     XX         DD  DSN=&P2..PROCLIB,DISP=SHR
0000 15.57.19           IEF196I     8     IEF653I SUBSTITUTION JCL - DSN=SYS1.PROCLIB,DISP=SHR
0000 15.57.19           IEF196I     9     XXIEF0PDSI DD  DSN=&P0..PROCLIB,DISP=SHR
0000 15.57.19           IEF196I     9     IEF653I SUBSTITUTION JCL - DSN=SYS1.PROCLIB,DISP=SHR
0000 15.57.19           IEF196I    10     XX         DD  DSN=&P1..PROCLIB,DISP=SHR
0000 15.57.19           IEF196I    10     IEF653I SUBSTITUTION JCL - DSN=SYS2.PROCLIB,DISP=SHR
0000 15.57.19           IEF196I    11     XX         DD  DSN=&P2..PROCLIB,DISP=SHR
0000 15.57.19           IEF196I    11     IEF653I SUBSTITUTION JCL - DSN=SYS1.PROCLIB,DISP=SHR
0000 15.57.19           IEF196I    12     XXIEF1PDSI DD  DSN=&P0..PROCLIB,DISP=SHR
0000 15.57.19           IEF196I    12     IEF653I SUBSTITUTION JCL - DSN=SYS1.PROCLIB,DISP=SHR
0000 15.57.19           IEF196I    13     XX         DD  DSN=&P1..PROCLIB,DISP=SHR
0000 15.57.19           IEF196I    13     IEF653I SUBSTITUTION JCL - DSN=SYS2.PROCLIB,DISP=SHR
0000 15.57.19           IEF196I    14     XX         DD  DSN=&P2..PROCLIB,DISP=SHR
0000 15.57.19           IEF196I    14     IEF653I SUBSTITUTION JCL - DSN=SYS1.PROCLIB,DISP=SHR
0000 15.57.19           IEF196I    15     XXHASPPARM DD  DSN=&N1..&P(&M),DISP=SHR
0000 15.57.19           IEF196I    15     IEF653I SUBSTITUTION JCL -
0000 15.57.19           IEF196I DSN=SYS1.JES2PARM(JES2PARM),DISP=SHR
0000 15.57.19           IEF196I    16     XX         DD  DSN=&N1..&P(&M2),DISP=SHR
0000 15.57.19           IEF196I    16     IEF653I SUBSTITUTION JCL -
0000 15.57.19           IEF196I DSN=SYS1.JES2PARM(STARTSTD),DISP=SHR
0000 15.57.19           IEF196I    17     XXHASPLIST DD  DDNAME=IEFRDER
4000 15.57.19           IEF677I WARNING MESSAGE(S) FOR JOB JES2     ISSUED
0000 15.57.19           IEF196I    17     IEF686I DDNAME REFERRED TO ON DDNAME KEYWORD IN PRIOR
0000 15.57.19           IEF196I STEP WAS NOT RESOLVED
0000 15.57.19           IEF196I IEF236I ALLOC. FOR JES2 JES2
0000 15.57.19           IEF196I IEF237I 390  ALLOCATED TO STEPLIB
0000 15.57.19           IEF196I IEF237I 390  ALLOCATED TO PROC00
0000 15.57.19           IEF196I IEF237I 390  ALLOCATED TO
0000 15.57.19           IEF196I IEF237I 390  ALLOCATED TO
0000 15.57.19           IEF196I IEF237I 390  ALLOCATED TO IEF0PDSI
0000 15.57.19           IEF196I IEF237I 390  ALLOCATED TO
0000 15.57.19           IEF196I IEF237I 390  ALLOCATED TO
0000 15.57.19           IEF196I IEF237I 390  ALLOCATED TO IEF1PDSI
0000 15.57.19           IEF196I IEF237I 390  ALLOCATED TO
0000 15.57.19           IEF196I IEF237I 390  ALLOCATED TO
0000 15.57.19           IEF196I IEF237I 390  ALLOCATED TO HASPPARM
0000 15.57.19           IEF196I IEF237I 390  ALLOCATED TO
0000 15.57.19           IEF196I IEF237I DMY  ALLOCATED TO HASPLIST
0000 15.57.19           IEF196I IEF237I 249  ALLOCATED TO $$CKPT
FFFF 15.57.19           $HASP493 JES2  WARM-START IS IN PROGRESS
0000 15.57.19           IEF196I $HASP493 JES2  WARM-START IS IN PROGRESS
0000 15.57.19           IEF196I IEF237I 249  ALLOCATED TO $SPOOL0
0000 15.57.19           IEF196I IEF237I 00C  ALLOCATED TO READER1
0000 15.57.19           IEF196I IEF237I 00D  ALLOCATED TO PUNCH1
FFFF 15.57.19           $HASP412 MAXIMUM OF 1   READER(S)  EXCEEDED
0000 15.57.19           IEF196I $HASP412 MAXIMUM OF 1   READER(S)  EXCEEDED
FFFF 15.57.19           $HASP412 MAXIMUM OF 1   PUNCH(ES)  EXCEEDED
0000 15.57.19           IEF196I $HASP412 MAXIMUM OF 1   PUNCH(ES)  EXCEEDED
FFFF 15.57.19           $HASP412 MAXIMUM OF 3   PRINTER(S) EXCEEDED
0000 15.57.19           IEF196I $HASP412 MAXIMUM OF 3   PRINTER(S) EXCEEDED
C000 15.57.19           $HASP406 STC  324 WAS EXECUTING
C000 15.57.19           $HASP406 STC  325 WAS EXECUTING
C000 15.57.19           $HASP406 STC  326 WAS EXECUTING
C000 15.57.19           $HASP406 STC  327 WAS EXECUTING
4000 15.57.19           IEE041I THE SYSTEM LOG IS NOW ACTIVE
C000 15.57.19           $HASP406 STC  328 WAS EXECUTING
0000 15.57.19           S INIT.INIT,,,JES2
0000 15.57.19           S INIT.INIT,,,JES2
0000 15.57.19           S INIT.INIT,,,JES2
0000 15.57.19           S INIT.INIT,,,JES2
0000 15.57.19           S INIT.INIT,,,JES2
0000 15.57.19           S INIT.INIT,,,JES2
0000 15.57.19           S BSPSETPF,PARM=NOREPLYU
0004 15.57.19           $HASP000 ID 1    T=**.** I=  30 $VS,'F BSPPILOT,SCRIPT=STARTSTD'
0000 15.57.19           F BSPPILOT,SCRIPT=STARTSTD
0000 15.57.19           IEE341I BSPPILOT NOT ACTIVE
C000 15.57.19           $HASP406 STC  329 WAS EXECUTING
C000 15.57.19           $HASP406 STC  330 WAS EXECUTING
C000 15.57.19           $HASP406 STC  331 WAS EXECUTING
0200 15.57.19           $HASP160 PUNCH1   INACTIVE - CLASS=B
0200 15.57.19 STC  334  $HASP100 BSPPILOT ON STCINRDR
0200 15.57.19 STC  335  $HASP100 INIT     ON STCINRDR
0200 15.57.19 STC  336  $HASP100 INIT     ON STCINRDR
4000 15.57.19 STC  334  $HASP373 BSPPILOT STARTED
4000 15.57.19 STC  335  $HASP373 INIT     STARTED
0200 15.57.19 STC  337  $HASP100 INIT     ON STCINRDR
4000 15.57.19 STC  336  $HASP373 INIT     STARTED
4000 15.57.19 STC  337  $HASP373 INIT     STARTED
0200 15.57.19 STC  338  $HASP100 INIT     ON STCINRDR
0200 15.57.19 STC  339  $HASP100 INIT     ON STCINRDR
4000 15.57.19 STC  338  $HASP373 INIT     STARTED
4000 15.57.19 STC  339  $HASP373 INIT     STARTED
0200 15.57.19 STC  340  $HASP100 INIT     ON STCINRDR
0200 15.57.19 STC  341  $HASP100 BSPSETPF ON STCINRDR
4000 15.57.19 STC  340  $HASP373 INIT     STARTED
C000 15.57.19           $HASP309    INIT  1 INACTIVE ******** C=A
C000 15.57.19           $HASP309    INIT  2 INACTIVE ******** C=BA
C000 15.57.19           $HASP309    INIT  3 INACTIVE ******** C=HBA
C000 15.57.19           $HASP309    INIT  4 INACTIVE ******** C=SHB
4000 15.57.19 STC  341  $HASP373 BSPSETPF STARTED
C000 15.57.19           $HASP309    INIT  5 INACTIVE ******** C=SBA
C000 15.57.19           $HASP309    INIT  6 INACTIVE ******** C=SC
FFFF 15.57.19 STC  341  BSPSP91I - Parms passed: NOREPLYU
FFFF 15.57.19 STC  341  BSPSP93I - PFK definitions will be updated in memory
FFFF 15.57.19 STC  341  BSPSP22I - Dataset processed: SYS1.PARMLIB
FFFF 15.57.19 STC  341  BSPSP23I - on volume TK5RES
FFFF 15.57.19 STC  341  BSPSP21I - Member being processed: SETPFK01
FFFF 15.57.19 STC  341  +BSPSP98I - Member processed, LASTCC=0000
FFFF 15.57.19 STC  341  +BSPSP21I - Member being processed: SETPFK02
FFFF 15.57.19 STC  341  +BSPSP98I - Member processed, LASTCC=0000
FFFF 15.57.19 STC  341  +BSPSP99I - End of processing, MAXRC=0000
4000 15.57.19 STC  341  $HASP395 BSPSETPF ENDED
0000 15.57.49           F BSPPILOT,SCRIPT=STARTSTD
FFFF 15.57.49 STC  334  +BSPPILOT - Running script STARTSTD
FFFF 15.57.49 STC  334  +BSPRS22I - Dataset processed: SYS1.PARMLIB
FFFF 15.57.49 STC  334  +BSPRS23I - on volume TK5RES
FFFF 15.57.49 STC  334  +BSPRS08I - PARM NOECHO
0000 15.57.49 STC  334  $CA,ALL
0004 15.57.49           $HASP000 OK
0000 15.57.49 STC  334  V 480,ONLINE
0000 15.57.49 STC  334  MN JOBNAMES,T
0000 15.57.49           IEE302I 480      ONLINE
0000 15.57.49 STC  334  MN SESS,T
0000 15.57.49 STC  334  S DYNAMASK
0200 15.57.49 STC  342  $HASP100 DYNAMASK ON STCINRDR
4000 15.57.49 STC  342  $HASP373 DYNAMASK STARTED
4000 15.57.49 STC  342  IEF403I DYNAMASK - STARTED - TIME=15.57.49
4020 15.57.49 STC  342  DMSK00I DYNAMASK DONE ****
4020 15.57.49 STC  342  DMSK06I  START
4000 15.57.49 STC  342  $HASP395 DYNAMASK ENDED
4000 15.57.49 STC  342  IEF404I DYNAMASK - ENDED - TIME=15.57.49
0000 15.57.51 STC  334  S NET
0200 15.57.51 STC  343  $HASP100 NET      ON STCINRDR
0000 15.57.51 STC  334  S TP
0200 15.57.51 STC  344  $HASP100 TP       ON STCINRDR
4000 15.57.51 STC  343  $HASP373 NET      STARTED
4000 15.57.51 STC  343  IEF403I NET - STARTED - TIME=15.57.51
4000 15.57.51 STC  344  $HASP373 TP       STARTED
4000 15.57.51 STC  344  IEF403I TP - STARTED - TIME=15.57.51
0000 15.57.51 STC  334  S MF1.MF1
0200 15.57.51 STC  345  $HASP100 MF1      ON STCINRDR
4000 15.57.51 STC  345  $HASP373 MF1      STARTED
4000 15.57.51 STC  345  IEF403I MF1 - STARTED - TIME=15.57.51
0000 15.57.51 STC  334  $SA,ALL
0004 15.57.51           $HASP000 OK
0000 15.57.51 STC  334  $TA,I=3600,'$SI1-I4'
0004 15.57.51           $HASP000 ID 2    T=**.** I=3600 $SI1-I4
0004 15.57.51           $HASP000 OK
0000 15.57.51 STC  334  $TOSC1,D=J
0004 15.57.51           $HASP000 OK
0000 15.57.51 STC  334  $TOSC2,D=J
0004 15.57.51           $HASP000 OK
0000 15.57.51 STC  334  $TOSC3,D=T
0004 15.57.51           $HASP000 OK
0000 15.57.51 STC  334  $TOSC4,D=T
0004 15.57.51           $HASP000 OK
4000 15.57.51 STC  343  IST025I  BLDL FAILED FOR IEDIAE   IN VTAMLIB
4000 15.57.51 STC  343  IST025I  BLDL FAILED FOR IEDIAE   IN VTAMLIB
4000 15.57.51 STC  343  IST025I  BLDL FAILED FOR IEDIAE   IN VTAMLIB
4000 15.57.51 STC  343  IST025I  BLDL FAILED FOR IEDIAE   IN VTAMLIB
4000 15.57.51 STC  343  IST025I  BLDL FAILED FOR IEDIAK   IN VTAMLIB
4000 15.57.51 STC  345  IRB100I MF/1 IS ACTIVE
4000 15.57.51 STC  343  IST025I  BLDL FAILED FOR IEDIAK   IN VTAMLIB
4000 15.57.51 STC  343  IST110I  NETWORK SOLICITOR STARTED
0000 15.57.51 STC  334  $SRDR1
0004 15.57.51           $HASP000 OK
0000 15.57.51 STC  334  $SPRT1
4200 15.57.51           IEF236I ALLOC. FOR JES2 JES2
4200 15.57.51           IEF237I 00E  ALLOCATED TO PRINTER1
0000 15.57.51           IEF196I IEF237I 00E  ALLOCATED TO PRINTER1
0004 15.57.51           $HASP000 OK
0200 15.57.51 STC  320  $HASP150 TSO      ON PRINTER1
0000 15.57.51           $SPRT1
0200 15.57.51 STC  320 *$HASP190 TSO      SETUP -- PRINTER1 -- F = 0001 -- C = 6    -- T = QN
0004 15.57.51           $HASP000 OK
0200 15.57.51 STC  319  $HASP150 MF1      ON PRINTER1
0200 15.57.51           $HASP185 PRINTER1 TERMINATED
0200 15.57.51 STC  345  $HASP150 MF1      ON PRINTER1        13 LINES
0200 15.57.51           $HASP160 PRINTER1 INACTIVE - CLASS=A
0000 15.57.51 STC  334  $SPRT2
4200 15.57.51           IEF236I ALLOC. FOR JES2 JES2
4200 15.57.51           IEF237I 00F  ALLOCATED TO PRINTER2
0000 15.57.51           IEF196I IEF237I 00F  ALLOCATED TO PRINTER2
0004 15.57.51           $HASP000 OK
0200 15.57.51 STC  320  $HASP150 TSO      ON PRINTER2        11 LINES
0000 15.57.51           $SPRT2
0200 15.57.51 STC  320 *$HASP190 TSO      SETUP -- PRINTER2 -- F = 0001 -- C = 6    -- T = QN
0004 15.57.51           $HASP000 OK
0200 15.57.51 STC  320  $HASP250 TSO      IS PURGED
0200 15.57.51 STC  321  $HASP150 SNASOL   ON PRINTER2         7 LINES
0000 15.57.51 STC  334  $SPRT3
4200 15.57.51           IEF236I ALLOC. FOR JES2 JES2
4200 15.57.51           IEF237I 002  ALLOCATED TO PRINTER3
0000 15.57.51           IEF196I IEF237I 002  ALLOCATED TO PRINTER3
0004 15.57.51           $HASP000 OK
1040 15.57.51           IEA000I 390,CMD,**,0E00,,,TK5RES,JES2    ,15.57.51
1040 15.57.51           IEA000I 390,,,,8000000000540004,00000000
0200 15.57.51 STC  321  $HASP250 SNASOL   IS PURGED
0200 15.57.51 STC  322  $HASP150 JRP      ON PRINTER2        30 LINES
0004 15.57.51           $HASP000 PRINTER3 UCS  IMAGE QN   NOT FOUND
1040 15.57.51           IEA000I 390,CMD,**,0E00,,,TK5RES,JES2    ,15.57.51
1040 15.57.51           IEA000I 390,,,,8000000000540004,00000000
0004 15.57.51           $HASP000 PRINTER3 FCB  IMAGE 6    NOT FOUND
0200 15.57.51 JOB    1  $HASP150 KICKINIT ON PRINTER3        14 LINES
0200 15.57.51 JOB    1 *$HASP190 KICKINIT SETUP -- PRINTER3 -- F = 0001 -- C = 6    -- T = QN
0200 15.57.51 STC  322  $HASP250 JRP      IS PURGED
0200 15.57.51 STC  308  $HASP150 BSPPILOT ON PRINTER2         9 LINES
4000 15.57.51 STC  343  IST093I  ATSO     ACTIVE
0200 15.57.51 STC  309  $HASP150 INIT     ON PRINTER2         5 LINES
0200 15.57.51 STC  308  $HASP250 BSPPILOT IS PURGED
0200 15.57.51 STC  309  $HASP250 INIT     IS PURGED
0200 15.57.51 STC  310  $HASP150 INIT     ON PRINTER2         5 LINES
0200 15.57.51 STC  310  $HASP250 INIT     IS PURGED
0200 15.57.51 STC  311  $HASP150 INIT     ON PRINTER2         5 LINES
4000 15.57.51 STC  343  IST093I  ASTF     ACTIVE
0200 15.57.51 STC  311  $HASP250 INIT     IS PURGED
0200 15.57.51 STC  312  $HASP150 INIT     ON PRINTER2         5 LINES
0200 15.57.51 STC  313  $HASP150 INIT     ON PRINTER2         5 LINES
0200 15.57.51 STC  312  $HASP250 INIT     IS PURGED
0200 15.57.51 STC  313  $HASP250 INIT     IS PURGED
0200 15.57.51 TSU   52  $HASP150 HERC01   ON PRINTER2        27 LINES
4000 15.57.51 STC  343  IST093I  ARPF     ACTIVE
0200 15.57.51           $HASP185 PRINTER2 TERMINATED
0200 15.57.51 TSU   52  $HASP250 HERC01   IS PURGED
0200 15.57.51 STC  314  $HASP150 INIT     ON PRINTER2         5 LINES
0200 15.57.51 STC  314  $HASP250 INIT     IS PURGED
0200 15.57.51 STC  317  $HASP150 NET      ON PRINTER2        10 LINES
0200 15.57.51           $HASP185 PRINTER2 TERMINATED
0200 15.57.51 STC  317  $HASP250 NET      IS PURGED
0200 15.57.51 STC  318  $HASP150 TP       ON PRINTER2        31 LINES
4000 15.57.51 STC  343  IST093I  AICOM    ACTIVE
0200 15.57.51 STC  318  $HASP250 TP       IS PURGED
0200 15.57.51 STC  319  $HASP150 MF1      ON PRINTER2         7 LINES
0200 15.57.51           $HASP185 PRINTER2 TERMINATED
0200 15.57.51           $HASP185 PRINTER2 TERMINATED
0200 15.57.51 STC  332  $HASP150 BSPSETPF ON PRINTER2        32 LINES
0200 15.57.51 STC  319  $HASP250 MF1      IS PURGED
0200 15.57.51 STC  325  $HASP150 BSPPILOT ON PRINTER2         9 LINES
0200 15.57.51 STC  326  $HASP150 INIT     ON PRINTER2         5 LINES
0200 15.57.51 STC  327  $HASP150 INIT     ON PRINTER2         5 LINES
0200 15.57.51 STC  332  $HASP250 BSPSETPF IS PURGED
0200 15.57.51 STC  325  $HASP250 BSPPILOT IS PURGED
0200 15.57.51 STC  326  $HASP250 INIT     IS PURGED
0200 15.57.51 STC  328  $HASP150 INIT     ON PRINTER2         5 LINES
0200 15.57.51 STC  327  $HASP250 INIT     IS PURGED
0000 15.57.51 STC  334  $SLINE1
0200 15.57.51 STC  329  $HASP150 INIT     ON PRINTER2         5 LINES
0200 15.57.51 STC  328  $HASP250 INIT     IS PURGED
0000 15.57.51           IEF196I IEF237I 670  ALLOCATED TO LINE1
0004 15.57.51           $HASP000 OK
0200 15.57.51 STC  330  $HASP150 INIT     ON PRINTER2         5 LINES
0200 15.57.51 STC  329  $HASP250 INIT     IS PURGED
0200 15.57.51 STC  330  $HASP250 INIT     IS PURGED
0200 15.57.51 STC  331  $HASP150 INIT     ON PRINTER2         5 LINES
4000 15.57.51 STC  343  IST093I  ASNASOL  ACTIVE
0200 15.57.51 STC  331  $HASP250 INIT     IS PURGED
0200 15.57.51 STC  341  $HASP150 BSPSETPF ON PRINTER2        32 LINES
0000 15.57.51 STC  334  $SLINE2
0200 15.57.51 STC  342  $HASP150 DYNAMASK ON PRINTER2        28 LINES
0200 15.57.51 STC  341  $HASP250 BSPSETPF IS PURGED
0200 15.57.51           $HASP160 PRINTER2 INACTIVE - CLASS=Z
0200 15.57.51 STC  342  $HASP250 DYNAMASK IS PURGED
4000 15.57.51 STC  343  IST093I  AJRP     ACTIVE
0000 15.57.51           IEF196I IEF237I 671  ALLOCATED TO LINE2
0004 15.57.51           $HASP000 OK
0000 15.57.51 STC  334  $SLINE3
0000 15.57.51           IEF196I IEF237I 672  ALLOCATED TO LINE3
0004 15.57.51           $HASP000 OK
0000 15.57.51 STC  334  $SLINE4
0000 15.57.51           IEF196I IEF237I 673  ALLOCATED TO LINE4
0004 15.57.51           $HASP000 OK
0000 15.57.51 STC  334  $SPUNCH1
0004 15.57.51           $HASP000 OK
4000 15.57.51 STC  343  IST093I  L3274    ACTIVE
4040 15.57.51 STC  343  IEA000I 0C1,IOE,05,0200,400000000001,,,NET     ,15.57.51
4000 15.57.51 STC  343  IST093I  L3791    ACTIVE
4040 15.57.51 STC  343  IEA000I 0C2,IOE,05,0200,400000000001,,,NET     ,15.57.51
4040 15.57.51 STC  343  IEA000I 0C3,IOE,05,0200,400000000001,,,NET     ,15.57.51
4040 15.57.51 STC  343  IEA000I 0C4,IOE,05,0200,400000000001,,,NET     ,15.57.51
4040 15.57.51 STC  343  IEA000I 0C5,IOE,05,0200,400000000001,,,NET     ,15.57.51
4000 15.57.51 STC  343  IST093I  S3705    ACTIVE
4040 15.57.51 STC  343  IEA000I 0C6,IOE,05,0200,400000000001,,,NET     ,15.57.51
4000 15.57.51 STC  343  IFL003I  IFLOADRN COMPLETED
4000 15.57.51 STC  343  IST270I  370X N07      NOW LOADED WITH LOADMOD N07
0000 15.57.51 STC  343  S TSO
0200 15.57.51 STC  346  $HASP100 TSO      ON STCINRDR
4000 15.57.51 STC  343  IST020I  VTAM INITIALIZATION COMPLETE
4000 15.57.51 STC  346  $HASP373 TSO      STARTED
4000 15.57.51 STC  346  IEF403I TSO - STARTED - TIME=15.57.51
8100 15.57.52 STC  346  IKT007I TCAS ACCEPTING LOGONS
8100 15.57.52 STC  346  IKT005I TCAS IS INITIALIZED
0000 15.57.53 STC  334  F TP,TS=START
4000 15.57.53 STC  344  IKJ019I TIME SHARING IS INITIALIZED
0000 15.57.55 STC  334  S SNASOL
0200 15.57.55 STC  347  $HASP100 SNASOL   ON STCINRDR
0000 15.57.55 STC  334  S JRP
0200 15.57.55 STC  348  $HASP100 JRP      ON STCINRDR
4000 15.57.55 STC  347  $HASP373 SNASOL   STARTED
4000 15.57.55 STC  347  IEF403I SNASOL - STARTED - TIME=15.57.55
4000 15.57.55 STC  348  $HASP373 JRP      STARTED
4000 15.57.55 STC  348  IEF403I JRP - STARTED - TIME=15.57.55
0020 15.57.55 STC  347  +SNASOL - APPLICATION SNASOL   IS UP
FFFF 15.57.55 STC  348  JRPI101 INITIALIZATION COMPLETE
FFFF 15.57.55 STC  348  JRP904I - JRP WAITING FOR COMMAND.
4000 15.57.56 STC  343  IFL003I  IFLOADRN COMPLETED
4000 15.57.56 STC  343  IST270I  370X N10      NOW LOADED WITH LOADMOD N10
4000 15.57.56 STC  343  IST093I  N07      ACTIVE
4000 15.57.56 STC  343  IST093I  N07P3    ACTIVE
4000 15.57.57 STC  343  IST093I  N08      ACTIVE
0000 15.58.01 STC  346  LOGON
FFFF 15.58.01           LGN001I TSO logon in progress at VTAM terminal CUU0C0
4000 15.58.01           IEF170I 1 MSTRJCL  LGN001I TSO logon in progress at VTAM terminal CUU0C0
4000 15.58.01 STC  343  IFL003I  IFLOADRN COMPLETED
4000 15.58.01 STC  343  IST270I  370X N12      NOW LOADED WITH LOADMOD N12
4000 15.58.01 STC  343  IST093I  N10      ACTIVE
4000 15.58.01 STC  343  IST093I  N10P3    ACTIVE
4000 15.58.02 STC  343  IST093I  N11      ACTIVE
0200 15.58.05 TSU   53  $HASP100 HERC01   ON TSOINRDR
4000 15.58.05 TSU   53  $HASP373 HERC01   STARTED
4000 15.58.05 TSU   53  IEF125I HERC01 - LOGGED ON - TIME=15.58.05
4000 15.58.06 STC  343  IFL003I  IFLOADRN COMPLETED
4000 15.58.06 STC  343  IST270I  370X N14      NOW LOADED WITH LOADMOD N14
4000 15.58.06 STC  343  IST093I  N12      ACTIVE
4000 15.58.06 STC  343  IST093I  N12P3    ACTIVE
4000 15.58.07 STC  343  IST093I  N13      ACTIVE
4000 15.58.11 STC  343  IST093I  N14      ACTIVE
4000 15.58.11 STC  343  IST093I  N14P3    ACTIVE
4000 15.58.12 STC  343  IST093I  N15      ACTIVE
0000 15.58.15 STC  334  V NET,ACT,ID=T3767S11,LOGON=SNASOL,LOGMODE=INTERACT
4000 15.58.15 STC  343  IST097I  VARY     ACCEPTED
0000 15.58.15 STC  334  V NET,ACT,ID=T3767S21,LOGON=SNASOL,LOGMODE=INTERACT
4000 15.58.15 STC  343  IST093I  T3767S11 ACTIVE
4000 15.58.15 STC  343  IST097I  VARY     ACCEPTED
4000 15.58.15 STC  343  IST093I  T3767S21 ACTIVE
0000 15.58.15 STC  334  V NET,ACT,ID=T3767S31,LOGON=SNASOL,LOGMODE=INTERACT
4000 15.58.15 STC  343  IST097I  VARY     ACCEPTED
4000 15.58.15 STC  343  IST093I  T3767S31 ACTIVE
0000 15.58.15 STC  334  V NET,ACT,ID=T3767S41,LOGON=SNASOL,LOGMODE=INTERACT
4000 15.58.15 STC  343  IST097I  VARY     ACCEPTED
4000 15.58.15 STC  343  IST093I  T3767S41 ACTIVE
0000 15.58.15 STC  334  V NET,ACT,ID=T3278S11,LOGON=SNASOL,LOGMODE=MHP3278E
4000 15.58.15 STC  343  IST097I  VARY     ACCEPTED
4000 15.58.15 STC  343  IST093I  T3278S11 ACTIVE
0000 15.58.15 STC  334  V NET,ACT,ID=T3278S21,LOGON=SNASOL,LOGMODE=MHP3278E
4000 15.58.15 STC  343  IST097I  VARY     ACCEPTED
4000 15.58.15 STC  343  IST093I  T3278S21 ACTIVE
0000 15.58.15 STC  334  V NET,ACT,ID=T3278S31,LOGON=SNASOL,LOGMODE=MHP3278E
4000 15.58.15 STC  343  IST097I  VARY     ACCEPTED
4000 15.58.15 STC  343  IST093I  T3278S31 ACTIVE
0000 15.58.15 STC  334  V NET,ACT,ID=T3278S41,LOGON=SNASOL,LOGMODE=MHP3278E
4000 15.58.15 STC  343  IST097I  VARY     ACCEPTED
4000 15.58.15 STC  343  IST093I  T3278S41 ACTIVE
0000 15.58.15 STC  334  V NET,ACT,ID=T3278L11,LOGON=SNASOL,LOGMODE=MHP3278E
4000 15.58.15 STC  343  IST097I  VARY     ACCEPTED
0000 15.58.15 STC  334  V NET,ACT,ID=T3278L21,LOGON=SNASOL,LOGMODE=MHP3278E
4000 15.58.15 STC  343  IST093I  T3278L11 ACTIVE
4000 15.58.15 STC  343  IST097I  VARY     ACCEPTED
4000 15.58.15 STC  343  IST093I  T3278L21 ACTIVE
0000 15.58.15 STC  334  V NET,ACT,ID=T3767L31,LOGON=SNASOL,LOGMODE=INTERACT
4000 15.58.15 STC  343  IST097I  VARY     ACCEPTED
4000 15.58.15 STC  343  IST093I  T3767L31 ACTIVE
0000 15.58.15 STC  334  V NET,ACT,ID=T3767L41,LOGON=SNASOL,LOGMODE=INTERACT
4000 15.58.15 STC  343  IST097I  VARY     ACCEPTED
4000 15.58.15 STC  343  IST093I  T3767L41 ACTIVE
0000 15.58.20 STC  334  F TP,LOAD=T07,T07
4020 15.58.20 STC  344  IED160I 3705 T07      LOAD=T07
0000 15.58.23 STC  334  F TP,LOAD=T10,T10
4020 15.58.23 STC  344  IED160I 3705 T10      LOAD=T10
0000 15.58.26 STC  334  F TP,LOAD=T12,T12
4020 15.58.26 STC  344  IED160I 3705 T12      LOAD=T12
0000 15.58.29 STC  334  F TP,LOAD=T14,T14
4020 15.58.29 STC  344  IED160I 3705 T14      LOAD=T14
0000 15.58.32 STC  334  F TP,ACTIV=T07
4020 15.58.33 STC  344  IED382I T07      ACTIVATE COMPLETE
0000 15.58.35 STC  334  F TP,ACTIV=T10
4020 15.58.36 STC  344  IED382I T10      ACTIVATE COMPLETE
0000 15.58.38 STC  334  F TP,ACTIV=T12
4020 15.58.39 STC  344  IED382I T12      ACTIVATE COMPLETE
0000 15.58.41 STC  334  F TP,ACTIV=T14
4020 15.58.42 STC  344  IED382I T14      ACTIVATE COMPLETE
0000 15.58.43 STC  334  S INISDSTD
0200 15.58.43 STC  349  $HASP100 INISDSTD ON STCINRDR
0000 15.58.43 STC  334  SE 'MVS038J MVS 3.8j TK5 system initialization complete',BRDCST
0000 15.58.43           MVS038J MVS 3.8j TK5 system initialization complete CN=00
4000 15.58.43 STC  349  $HASP373 INISDSTD STARTED
4000 15.58.43 STC  349  IEF403I INISDSTD - STARTED - TIME=15.58.43
FFFF 15.58.43 STC  334  +BSPRS99I - End of processing, MAXRC=0000
4000 15.58.44 STC  349  $HASP395 INISDSTD ENDED
4000 15.58.44 STC  349  IEF404I INISDSTD - ENDED - TIME=15.58.44
0200 15.58.44 STC  349  $HASP150 INISDSTD ON PRINTER2        21 LINES
0200 15.58.44           $HASP160 PRINTER2 INACTIVE - CLASS=Z
0200 15.58.44 STC  349  $HASP250 INISDSTD IS PURGED
0004 16.00.06 TSU   53  IEFACTRT - Stepname  Procstep  Program   Retcode
4000 16.00.06 TSU   53  $HASP395 HERC01   ENDED
4000 16.00.06 TSU   53  IEF126I HERC01 - LOGGED OFF - TIME=16.00.06
0200 16.00.06 TSU   53  $HASP150 HERC01   ON PRINTER2       218 LINES
0200 16.00.06           $HASP160 PRINTER2 INACTIVE - CLASS=Z
0200 16.00.06 TSU   53  $HASP250 HERC01   IS PURGED
0000 16.00.43 STC  346  LOGON
FFFF 16.00.43           LGN001I TSO logon in progress at VTAM terminal CUU0C0
4000 16.00.43           IEF170I 1 MSTRJCL  LGN001I TSO logon in progress at VTAM terminal CUU0C0
0200 16.12.51 STC  345  $HASP150 MF1      ON PRINTER1       197 LINES
4000 16.12.51 STC  345  IRB101I MF/1 REPORT AVAILABLE FOR PRINTING
0200 16.12.51           $HASP160 PRINTER1 INACTIVE - CLASS=A
4100 16.14.37           IKT108I          RECEIVE ERROR,RPLRTNCD=04,RPLFDB2=03,SENSE=00000200,WAITING FOR RECONNECT CUU0C0
0200 16.31.01 STC  345  $HASP150 MF1      ON PRINTER1       193 LINES
4000 16.31.01 STC  345  IRB101I MF/1 REPORT AVAILABLE FOR PRINTING
0200 16.31.01           $HASP160 PRINTER1 INACTIVE - CLASS=A
0200 16.42.51 STC  345  $HASP150 MF1      ON PRINTER1       193 LINES
4000 16.42.51 STC  345  IRB101I MF/1 REPORT AVAILABLE FOR PRINTING
0200 16.42.51           $HASP160 PRINTER1 INACTIVE - CLASS=A
0004 17.07.52           $HASP000 OK
0200 17.07.52 STC  345  $HASP150 MF1      ON PRINTER1       193 LINES
4000 17.07.52 STC  345  IRB101I MF/1 REPORT AVAILABLE FOR PRINTING
0200 17.07.52           $HASP160 PRINTER1 INACTIVE - CLASS=A
0200 17.12.51 STC  345  $HASP150 MF1      ON PRINTER1       193 LINES
4000 17.12.51 STC  345  IRB101I MF/1 REPORT AVAILABLE FOR PRINTING
0200 17.12.51           $HASP160 PRINTER1 INACTIVE - CLASS=A
0200 17.27.51 STC  345  $HASP150 MF1      ON PRINTER1       193 LINES
4000 17.27.51 STC  345  IRB101I MF/1 REPORT AVAILABLE FOR PRINTING
0200 17.27.51           $HASP160 PRINTER1 INACTIVE - CLASS=A
0200 17.42.51 STC  345  $HASP150 MF1      ON PRINTER1       193 LINES
4000 17.42.51 STC  345  IRB101I MF/1 REPORT AVAILABLE FOR PRINTING
0200 17.42.51           $HASP160 PRINTER1 INACTIVE - CLASS=A
